
WARNING - 2022-12-07 10:05:48,433 - This will get logged to a file 
INFO - 2022-12-07 10:05:48,434 - solving questions of constructor 
INFO - 2022-12-07 10:05:48,434 - adding students details 
INFO - 2022-12-07 10:05:48,434 - adding students details 
INFO - 2022-12-07 10:05:48,434 - Write a Python program to create a Vehicle class with max_speed and mileage instance attributes. 
INFO - 2022-12-07 10:05:48,434 - passing a empty class named class1 
INFO - 2022-12-07 10:05:48,435 - create a child class that has values of ineuron class 
INFO - 2022-12-07 10:05:48,435 - information of courses ineuron has 
WARNING - 2022-12-07 10:09:01,884 - This will get logged to a file 
INFO - 2022-12-07 10:09:01,885 - solving questions of constructor 
INFO - 2022-12-07 10:09:01,885 - adding students details 
INFO - 2022-12-07 10:09:01,885 - adding students details 
INFO - 2022-12-07 10:09:01,886 - Write a Python program to create a Vehicle class with max_speed and mileage instance attributes. 
INFO - 2022-12-07 10:09:01,886 - passing a empty class named class1 
INFO - 2022-12-07 10:09:01,887 - create a child class that has values of ineuron class 
INFO - 2022-12-07 10:09:01,887 - information of courses ineuron has 
WARNING - 2022-12-07 10:09:11,622 - This will get logged to a file 
INFO - 2022-12-07 10:09:11,623 - solving questions of constructor 
INFO - 2022-12-07 10:09:11,623 - adding students details 
INFO - 2022-12-07 10:09:11,623 - adding students details 
INFO - 2022-12-07 10:09:11,624 - Write a Python program to create a Vehicle class with max_speed and mileage instance attributes. 
INFO - 2022-12-07 10:09:11,624 - passing a empty class named class1 
INFO - 2022-12-07 10:09:11,624 - create a child class that has values of ineuron class 
INFO - 2022-12-07 10:09:11,624 - information of courses ineuron has 
WARNING - 2022-12-07 10:10:23,394 - This will get logged to a file 
INFO - 2022-12-07 10:10:23,395 - solving questions of constructor 
INFO - 2022-12-07 10:10:23,395 - adding students details 
INFO - 2022-12-07 10:10:23,395 - adding students details 
INFO - 2022-12-07 10:10:23,395 - Write a Python program to create a Vehicle class with max_speed and mileage instance attributes. 
INFO - 2022-12-07 10:10:23,395 - passing a empty class named class1 
INFO - 2022-12-07 10:10:23,396 - create a child class that has values of ineuron class 
INFO - 2022-12-07 10:10:23,396 - information of courses ineuron has 
WARNING - 2022-12-07 10:19:12,632 - This will get logged to a file 
INFO - 2022-12-07 10:19:12,632 - solving questions of constructor 
INFO - 2022-12-07 10:19:12,632 - adding students details 
INFO - 2022-12-07 10:19:12,632 - adding students details 
INFO - 2022-12-07 10:19:12,633 - Write a Python program to create a Vehicle class with max_speed and mileage instance attributes. 
INFO - 2022-12-07 10:19:12,633 - passing a empty class named class1 
INFO - 2022-12-07 10:19:12,633 - create a child class that has values of ineuron class 
INFO - 2022-12-07 10:19:12,633 - information of courses ineuron has 
WARNING - 2022-12-07 10:39:38,379 - This will get logged to a file 
INFO - 2022-12-07 10:39:38,380 - solving questions of constructor 
INFO - 2022-12-07 10:39:38,380 - adding students details 
INFO - 2022-12-07 10:39:38,380 - adding students details 
INFO - 2022-12-07 10:39:38,381 - Write a Python program to create a Vehicle class with max_speed and mileage instance attributes. 
INFO - 2022-12-07 10:39:38,381 - passing a empty class named class1 
INFO - 2022-12-07 10:39:38,382 - create a child class that has values of ineuron class 
INFO - 2022-12-07 10:39:38,382 - information of courses ineuron has 
WARNING - 2022-12-07 11:40:20,441 - This will get logged to a file 
INFO - 2022-12-07 11:40:20,442 - solving questions of constructor 
INFO - 2022-12-07 11:40:20,442 - adding students details 
INFO - 2022-12-07 11:40:20,443 - adding students details 
INFO - 2022-12-07 11:40:20,443 - Write a Python program to create a Vehicle class with max_speed and mileage instance attributes. 
INFO - 2022-12-07 11:40:20,444 - passing a empty class named class1 
INFO - 2022-12-07 11:40:20,444 - create a child class that has values of ineuron class 
INFO - 2022-12-07 11:40:20,445 - information of courses ineuron has 
INFO - 2022-12-07 11:40:20,445 - information about bank servies 
WARNING - 2022-12-07 11:40:35,003 - This will get logged to a file 
INFO - 2022-12-07 11:40:35,004 - solving questions of constructor 
INFO - 2022-12-07 11:40:35,004 - adding students details 
INFO - 2022-12-07 11:40:35,005 - adding students details 
INFO - 2022-12-07 11:40:35,005 - Write a Python program to create a Vehicle class with max_speed and mileage instance attributes. 
INFO - 2022-12-07 11:40:35,006 - passing a empty class named class1 
INFO - 2022-12-07 11:40:35,007 - create a child class that has values of ineuron class 
INFO - 2022-12-07 11:40:35,007 - information of courses ineuron has 
INFO - 2022-12-07 11:40:35,008 - information about bank servies 
WARNING - 2022-12-07 11:40:42,058 - This will get logged to a file 
INFO - 2022-12-07 11:40:42,059 - solving questions of constructor 
INFO - 2022-12-07 11:40:42,059 - adding students details 
INFO - 2022-12-07 11:40:42,059 - adding students details 
INFO - 2022-12-07 11:40:42,059 - Write a Python program to create a Vehicle class with max_speed and mileage instance attributes. 
INFO - 2022-12-07 11:40:42,059 - passing a empty class named class1 
INFO - 2022-12-07 11:40:42,060 - create a child class that has values of ineuron class 
INFO - 2022-12-07 11:40:42,060 - information of courses ineuron has 
INFO - 2022-12-07 11:40:42,060 - information about bank servies 
WARNING - 2022-12-07 14:41:13,606 - This will get logged to a file 
INFO - 2022-12-07 14:41:13,606 - solving questions of constructor 
INFO - 2022-12-07 14:41:13,607 - adding students details 
INFO - 2022-12-07 14:41:13,607 - adding students details 
INFO - 2022-12-07 14:41:13,607 - Write a Python program to create a Vehicle class with max_speed and mileage instance attributes. 
INFO - 2022-12-07 14:41:13,607 - passing a empty class named class1 
INFO - 2022-12-07 14:41:13,607 - create a child class that has values of ineuron class 
INFO - 2022-12-07 14:41:13,607 - information of courses ineuron has 
INFO - 2022-12-07 14:41:13,608 - information about bank servies 
WARNING - 2022-12-07 15:47:39,096 - This will get logged to a file 
INFO - 2022-12-07 15:47:39,096 - solving questions of constructor 
INFO - 2022-12-07 15:47:39,096 - adding students details 
INFO - 2022-12-07 15:47:39,096 - adding students details 
INFO - 2022-12-07 15:47:39,096 - Write a Python program to create a Vehicle class with max_speed and mileage instance attributes. 
INFO - 2022-12-07 15:47:39,097 - passing a empty class named class1 
INFO - 2022-12-07 15:47:39,097 - create a child class that has values of ineuron class 
INFO - 2022-12-07 15:47:39,097 - information of courses ineuron has 
INFO - 2022-12-07 15:47:39,097 - information about bank servies 
INFO - 2022-12-07 15:47:39,097 - print youtube  
WARNING - 2022-12-07 15:48:42,665 - This will get logged to a file 
INFO - 2022-12-07 15:48:42,666 - solving questions of constructor 
INFO - 2022-12-07 15:48:42,666 - adding students details 
INFO - 2022-12-07 15:48:42,666 - adding students details 
INFO - 2022-12-07 15:48:42,666 - Write a Python program to create a Vehicle class with max_speed and mileage instance attributes. 
INFO - 2022-12-07 15:48:42,667 - passing a empty class named class1 
INFO - 2022-12-07 15:48:42,667 - create a child class that has values of ineuron class 
INFO - 2022-12-07 15:48:42,667 - information of courses ineuron has 
INFO - 2022-12-07 15:48:42,667 - information about bank servies 
INFO - 2022-12-07 15:48:42,667 - print youtube  
WARNING - 2022-12-07 15:49:12,199 - This will get logged to a file 
INFO - 2022-12-07 15:49:12,199 - solving questions of constructor 
INFO - 2022-12-07 15:49:12,199 - adding students details 
INFO - 2022-12-07 15:49:12,199 - adding students details 
INFO - 2022-12-07 15:49:12,199 - Write a Python program to create a Vehicle class with max_speed and mileage instance attributes. 
INFO - 2022-12-07 15:49:12,200 - passing a empty class named class1 
INFO - 2022-12-07 15:49:12,200 - create a child class that has values of ineuron class 
INFO - 2022-12-07 15:49:12,200 - information of courses ineuron has 
INFO - 2022-12-07 15:49:12,200 - information about bank servies 
INFO - 2022-12-07 15:49:12,200 - print youtube  
WARNING - 2022-12-22 20:10:04,154 - This will get logged to a file 
INFO - 2022-12-22 20:10:04,154 - solving questions of constructor 
INFO - 2022-12-22 20:10:04,154 - adding students details 
INFO - 2022-12-22 20:10:04,154 - adding students details 
INFO - 2022-12-22 20:10:04,154 - Write a Python program to create a Vehicle class with max_speed and mileage instance attributes. 
INFO - 2022-12-22 20:10:04,154 - passing a empty class named class1 
INFO - 2022-12-22 20:10:04,154 - create a child class that has values of ineuron class 
INFO - 2022-12-22 20:10:04,154 - information of courses ineuron has 
INFO - 2022-12-22 20:10:04,154 - information about bank servies 
INFO - 2022-12-22 20:10:04,154 - print youtube  
